#
# There is insufficient memory for the Java Runtime Environment to continue.
# Native memory allocation (malloc) failed to allocate 1612656 bytes for Chunk::new
# Possible reasons:
#   The system is out of physical RAM or swap space
#   The process is running with CompressedOops enabled, and the Java Heap may be blocking the growth of the native heap
# Possible solutions:
#   Reduce memory load on the system
#   Increase physical memory or swap space
#   Check if swap backing store is full
#   Decrease Java heap size (-Xmx/-Xms)
#   Decrease number of Java threads
#   Decrease Java thread stack sizes (-Xss)
#   Set larger code cache with -XX:ReservedCodeCacheSize=
#   JVM is running with Unscaled Compressed Oops mode in which the Java heap is
#     placed in the first 4GB address space. The Java Heap base address is the
#     maximum limit for the native heap growth. Please use -XX:HeapBaseMinAddress
#     to set the Java Heap base and to place the Java Heap above 4GB virtual address.
# This output file may be truncated or incomplete.
#
#  Out of Memory Error (./src/hotspot/share/memory/arena.cpp:197), pid=652, tid=5796
#
# JRE version: OpenJDK Runtime Environment (11.0.12+7) (build 11.0.12+7-b1504.28-7817840)
# Java VM: OpenJDK 64-Bit Server VM (11.0.12+7-b1504.28-7817840, mixed mode, tiered, compressed oops, g1 gc, windows-amd64)
# No core dump will be written. Minidumps are not enabled by default on client versions of Windows
#

---------------  S U M M A R Y ------------

Command Line: --add-opens=java.base/java.util=ALL-UNNAMED --add-opens=java.base/java.lang=ALL-UNNAMED --add-opens=java.base/java.lang.invoke=ALL-UNNAMED --add-opens=java.base/java.util=ALL-UNNAMED --add-opens=java.prefs/java.util.prefs=ALL-UNNAMED --add-opens=java.prefs/java.util.prefs=ALL-UNNAMED --add-opens=java.base/java.nio.charset=ALL-UNNAMED --add-opens=java.base/java.net=ALL-UNNAMED --add-opens=java.base/java.util.concurrent.atomic=ALL-UNNAMED -Xmx2048m -Dfile.encoding=UTF-8 -Duser.country=RU -Duser.language=ru -Duser.variant org.gradle.launcher.daemon.bootstrap.GradleDaemon 7.3.3

Host: Intel(R) Core(TM) i5-3230M CPU @ 2.60GHz, 4 cores, 5G,  Windows 10 , 64 bit Build 19041 (10.0.19041.1741)
Time: Tue Jun 14 04:04:51 2022 RTZ 2 (зима) elapsed time: 49.516677 seconds (0d 0h 0m 49s)

---------------  T H R E A D  ---------------

Current thread (0x0000021aff834000):  JavaThread "C2 CompilerThread1" daemon [_thread_in_native, id=5796, stack(0x0000003cd1a00000,0x0000003cd1b00000)]


Current CompileTask:
C2:  49517 8700       4       org.gradle.internal.instantiation.generator.AbstractClassGenerator::inspectType (560 bytes)

Stack: [0x0000003cd1a00000,0x0000003cd1b00000]
Native frames: (J=compiled Java code, j=interpreted, Vv=VM code, C=native code)
V  [jvm.dll+0x5fbcea]
V  [jvm.dll+0x731905]
V  [jvm.dll+0x732f1d]
V  [jvm.dll+0x7335d3]
V  [jvm.dll+0x247bf8]
V  [jvm.dll+0xc018c]
V  [jvm.dll+0xc06cc]
V  [jvm.dll+0x35b31d]
V  [jvm.dll+0x19d0bc]
V  [jvm.dll+0x20070e]
V  [jvm.dll+0x1ff794]
V  [jvm.dll+0x18868c]
V  [jvm.dll+0x20e0d7]
V  [jvm.dll+0x20c901]
V  [jvm.dll+0x6f9b7f]
V  [jvm.dll+0x6f26a5]
V  [jvm.dll+0x5fabf6]
C  [ucrtbase.dll+0x21bb2]
C  [KERNEL32.DLL+0x17034]
C  [ntdll.dll+0x52651]


---------------  P R O C E S S  ---------------

Threads class SMR info:
_java_thread_list=0x0000021a885b3660, length=82, elements={
0x0000021ae323c000, 0x0000021afed97000, 0x0000021afeda1000, 0x0000021afedb4000,
0x0000021afedb5000, 0x0000021afedb6000, 0x0000021afedb9800, 0x0000021afedbc800,
0x0000021afedfe000, 0x0000021aff86f800, 0x0000021a818c2800, 0x0000021a81c5a800,
0x0000021a81340800, 0x0000021a800c1800, 0x0000021a81565800, 0x0000021a80bf0800,
0x0000021a80c20000, 0x0000021a80c21000, 0x0000021a80c14000, 0x0000021affa20000,
0x0000021affa1a800, 0x0000021affa1b000, 0x0000021affa21000, 0x0000021affa1e800,
0x0000021affa1c000, 0x0000021affa1d800, 0x0000021affa1f000, 0x0000021affa1c800,
0x0000021a825bb800, 0x0000021a825bf800, 0x0000021a825c0800, 0x0000021a825bd000,
0x0000021a825bc800, 0x0000021a825bb000, 0x0000021a825c1800, 0x0000021a825bf000,
0x0000021a825c4000, 0x0000021a825be000, 0x0000021a825c8800, 0x0000021a825c5800,
0x0000021a825c4800, 0x0000021a825c9800, 0x0000021a825c6000, 0x0000021a825c7000,
0x0000021a825c8000, 0x0000021a826bd000, 0x0000021a826c1000, 0x0000021a826c1800,
0x0000021a826c2800, 0x0000021a826c3800, 0x0000021a826bd800, 0x0000021a826c0000,
0x0000021a826c4000, 0x0000021a826be800, 0x0000021a826bf800, 0x0000021a826c6000,
0x0000021a826c9000, 0x0000021a826ca000, 0x0000021a826ca800, 0x0000021a826c5000,
0x0000021a826c7800, 0x0000021a826c6800, 0x0000021a826c8800, 0x0000021a826cb800,
0x0000021a81a9b000, 0x0000021a81a9d800, 0x0000021a81a9e800, 0x0000021a81a9c000,
0x0000021a81a9d000, 0x0000021a81aa0000, 0x0000021a81a9f000, 0x0000021a81a9a800,
0x0000021a81aa3800, 0x0000021a81aa4000, 0x0000021a81aa5000, 0x0000021a81aa5800,
0x0000021a81aa6800, 0x0000021a81aa1000, 0x0000021a81aa7800, 0x0000021a81aa2800,
0x0000021a87f43800, 0x0000021aff834000
}

Java Threads: ( => current thread )
  0x0000021ae323c000 JavaThread "main" [_thread_blocked, id=1996, stack(0x0000003ccc100000,0x0000003ccc200000)]
  0x0000021afed97000 JavaThread "Reference Handler" daemon [_thread_blocked, id=3660, stack(0x0000003ccc800000,0x0000003ccc900000)]
  0x0000021afeda1000 JavaThread "Finalizer" daemon [_thread_blocked, id=5368, stack(0x0000003ccc900000,0x0000003ccca00000)]
  0x0000021afedb4000 JavaThread "Signal Dispatcher" daemon [_thread_blocked, id=5512, stack(0x0000003ccca00000,0x0000003cccb00000)]
  0x0000021afedb5000 JavaThread "Attach Listener" daemon [_thread_blocked, id=10832, stack(0x0000003cccb00000,0x0000003cccc00000)]
  0x0000021afedb6000 JavaThread "Service Thread" daemon [_thread_blocked, id=10252, stack(0x0000003cccc00000,0x0000003cccd00000)]
  0x0000021afedb9800 JavaThread "C2 CompilerThread0" daemon [_thread_in_native, id=10036, stack(0x0000003cccd00000,0x0000003ccce00000)]
  0x0000021afedbc800 JavaThread "C1 CompilerThread0" daemon [_thread_blocked, id=5676, stack(0x0000003ccce00000,0x0000003cccf00000)]
  0x0000021afedfe000 JavaThread "Sweeper thread" daemon [_thread_blocked, id=10296, stack(0x0000003cccf00000,0x0000003ccd000000)]
  0x0000021aff86f800 JavaThread "Common-Cleaner" daemon [_thread_blocked, id=5712, stack(0x0000003ccd000000,0x0000003ccd100000)]
  0x0000021a818c2800 JavaThread "Daemon health stats" [_thread_blocked, id=3100, stack(0x0000003ccd300000,0x0000003ccd400000)]
  0x0000021a81c5a800 JavaThread "Incoming local TCP Connector on port 55112" [_thread_in_native, id=7908, stack(0x0000003ccd400000,0x0000003ccd500000)]
  0x0000021a81340800 JavaThread "Daemon periodic checks" [_thread_blocked, id=8964, stack(0x0000003ccd500000,0x0000003ccd600000)]
  0x0000021a800c1800 JavaThread "Daemon" [_thread_blocked, id=6580, stack(0x0000003ccd600000,0x0000003ccd700000)]
  0x0000021a81565800 JavaThread "Handler for socket connection from /127.0.0.1:55112 to /127.0.0.1:55113" [_thread_in_native, id=2632, stack(0x0000003ccd700000,0x0000003ccd800000)]
  0x0000021a80bf0800 JavaThread "Cancel handler" [_thread_blocked, id=7628, stack(0x0000003ccd800000,0x0000003ccd900000)]
  0x0000021a80c20000 JavaThread "Daemon worker" [_thread_in_Java, id=1964, stack(0x0000003ccd900000,0x0000003ccda00000)]
  0x0000021a80c21000 JavaThread "Asynchronous log dispatcher for DefaultDaemonConnection: socket connection from /127.0.0.1:55112 to /127.0.0.1:55113" [_thread_blocked, id=5384, stack(0x0000003ccda00000,0x0000003ccdb00000)]
  0x0000021a80c14000 JavaThread "Stdin handler" [_thread_blocked, id=4400, stack(0x0000003ccdb00000,0x0000003ccdc00000)]
  0x0000021affa20000 JavaThread "Daemon client event forwarder" [_thread_blocked, id=5068, stack(0x0000003ccdc00000,0x0000003ccdd00000)]
  0x0000021affa1a800 JavaThread "Cache worker for journal cache (C:\Users\brjej\.gradle\caches\journal-1)" [_thread_blocked, id=2812, stack(0x0000003ccdf00000,0x0000003cce000000)]
  0x0000021affa1b000 JavaThread "File lock request listener" [_thread_in_native, id=10308, stack(0x0000003cce000000,0x0000003cce100000)]
  0x0000021affa21000 JavaThread "File lock release action executor" [_thread_blocked, id=12020, stack(0x0000003cce100000,0x0000003cce200000)]
  0x0000021affa1e800 JavaThread "Cache worker for file hash cache (C:\Users\brjej\.gradle\caches\7.3.3\fileHashes)" [_thread_blocked, id=5820, stack(0x0000003cce200000,0x0000003cce300000)]
  0x0000021affa1c000 JavaThread "Cache worker for file hash cache (E:\Kotlin\Projects\.gradle\7.3.3\fileHashes)" [_thread_blocked, id=8320, stack(0x0000003cce300000,0x0000003cce400000)]
  0x0000021affa1d800 JavaThread "File watcher server" daemon [_thread_in_native, id=7868, stack(0x0000003cce400000,0x0000003cce500000)]
  0x0000021affa1f000 JavaThread "File watcher consumer" daemon [_thread_blocked, id=6344, stack(0x0000003cce500000,0x0000003cce600000)]
  0x0000021affa1c800 JavaThread "jar transforms" [_thread_blocked, id=7484, stack(0x0000003cce600000,0x0000003cce700000)]
  0x0000021a825bb800 JavaThread "jar transforms Thread 2" [_thread_blocked, id=11380, stack(0x0000003cce700000,0x0000003cce800000)]
  0x0000021a825bf800 JavaThread "jar transforms Thread 3" [_thread_blocked, id=8816, stack(0x0000003cce800000,0x0000003cce900000)]
  0x0000021a825c0800 JavaThread "jar transforms Thread 4" [_thread_blocked, id=11988, stack(0x0000003cce900000,0x0000003ccea00000)]
  0x0000021a825bd000 JavaThread "Cache worker for checksums cache (E:\Kotlin\Projects\.gradle\7.3.3\checksums)" [_thread_blocked, id=10460, stack(0x0000003ccea00000,0x0000003cceb00000)]
  0x0000021a825bc800 JavaThread "Cache worker for cache directory md-supplier (C:\Users\brjej\.gradle\caches\7.3.3\md-supplier)" [_thread_blocked, id=9436, stack(0x0000003cceb00000,0x0000003ccec00000)]
  0x0000021a825bb000 JavaThread "Cache worker for cache directory md-rule (C:\Users\brjej\.gradle\caches\7.3.3\md-rule)" [_thread_blocked, id=9440, stack(0x0000003ccec00000,0x0000003cced00000)]
  0x0000021a825c1800 JavaThread "Cache worker for execution history cache (C:\Users\brjej\.gradle\caches\7.3.3\executionHistory)" [_thread_blocked, id=4408, stack(0x0000003cced00000,0x0000003ccee00000)]
  0x0000021a825bf000 JavaThread "Cache worker for file content cache (C:\Users\brjej\.gradle\caches\7.3.3\fileContent)" [_thread_blocked, id=11320, stack(0x0000003ccee00000,0x0000003ccef00000)]
  0x0000021a825c4000 JavaThread "Cache worker for dependencies-accessors (E:\Kotlin\Projects\.gradle\7.3.3\dependencies-accessors)" [_thread_blocked, id=4320, stack(0x0000003ccef00000,0x0000003ccf000000)]
  0x0000021a825be000 JavaThread "Cache worker for Build Output Cleanup Cache (E:\Kotlin\Projects\.gradle\buildOutputCleanup)" [_thread_blocked, id=8728, stack(0x0000003ccf000000,0x0000003ccf100000)]
  0x0000021a825c8800 JavaThread "Unconstrained build operations" [_thread_blocked, id=11500, stack(0x0000003ccf100000,0x0000003ccf200000)]
  0x0000021a825c5800 JavaThread "Unconstrained build operations Thread 2" [_thread_blocked, id=4536, stack(0x0000003ccf200000,0x0000003ccf300000)]
  0x0000021a825c4800 JavaThread "Unconstrained build operations Thread 3" [_thread_blocked, id=9020, stack(0x0000003ccf300000,0x0000003ccf400000)]
  0x0000021a825c9800 JavaThread "Unconstrained build operations Thread 4" [_thread_blocked, id=10884, stack(0x0000003ccf400000,0x0000003ccf500000)]
  0x0000021a825c6000 JavaThread "Unconstrained build operations Thread 5" [_thread_blocked, id=2332, stack(0x0000003ccf500000,0x0000003ccf600000)]
  0x0000021a825c7000 JavaThread "Unconstrained build operations Thread 6" [_thread_blocked, id=6740, stack(0x0000003ccf600000,0x0000003ccf700000)]
  0x0000021a825c8000 JavaThread "Unconstrained build operations Thread 7" [_thread_blocked, id=5696, stack(0x0000003ccf700000,0x0000003ccf800000)]
  0x0000021a826bd000 JavaThread "Unconstrained build operations Thread 8" [_thread_blocked, id=4920, stack(0x0000003ccf800000,0x0000003ccf900000)]
  0x0000021a826c1000 JavaThread "Unconstrained build operations Thread 9" [_thread_blocked, id=3588, stack(0x0000003ccf900000,0x0000003ccfa00000)]
  0x0000021a826c1800 JavaThread "Unconstrained build operations Thread 10" [_thread_blocked, id=11924, stack(0x0000003ccfa00000,0x0000003ccfb00000)]
  0x0000021a826c2800 JavaThread "Unconstrained build operations Thread 11" [_thread_blocked, id=8176, stack(0x0000003ccfb00000,0x0000003ccfc00000)]
  0x0000021a826c3800 JavaThread "Unconstrained build operations Thread 12" [_thread_blocked, id=8364, stack(0x0000003ccfc00000,0x0000003ccfd00000)]
  0x0000021a826bd800 JavaThread "Unconstrained build operations Thread 13" [_thread_blocked, id=12060, stack(0x0000003ccfd00000,0x0000003ccfe00000)]
  0x0000021a826c0000 JavaThread "Unconstrained build operations Thread 14" [_thread_blocked, id=11804, stack(0x0000003ccfe00000,0x0000003ccff00000)]
  0x0000021a826c4000 JavaThread "Unconstrained build operations Thread 15" [_thread_blocked, id=5884, stack(0x0000003ccff00000,0x0000003cd0000000)]
  0x0000021a826be800 JavaThread "Unconstrained build operations Thread 16" [_thread_blocked, id=7448, stack(0x0000003cd0000000,0x0000003cd0100000)]
  0x0000021a826bf800 JavaThread "Unconstrained build operations Thread 17" [_thread_blocked, id=6964, stack(0x0000003cd0100000,0x0000003cd0200000)]
  0x0000021a826c6000 JavaThread "Unconstrained build operations Thread 18" [_thread_blocked, id=11868, stack(0x0000003cd0200000,0x0000003cd0300000)]
  0x0000021a826c9000 JavaThread "Unconstrained build operations Thread 19" [_thread_blocked, id=9408, stack(0x0000003cd0300000,0x0000003cd0400000)]
  0x0000021a826ca000 JavaThread "Unconstrained build operations Thread 20" [_thread_blocked, id=1832, stack(0x0000003cd0400000,0x0000003cd0500000)]
  0x0000021a826ca800 JavaThread "Unconstrained build operations Thread 21" [_thread_blocked, id=11168, stack(0x0000003cd0500000,0x0000003cd0600000)]
  0x0000021a826c5000 JavaThread "Unconstrained build operations Thread 22" [_thread_blocked, id=8548, stack(0x0000003cd0600000,0x0000003cd0700000)]
  0x0000021a826c7800 JavaThread "Unconstrained build operations Thread 23" [_thread_blocked, id=5292, stack(0x0000003cd0700000,0x0000003cd0800000)]
  0x0000021a826c6800 JavaThread "Unconstrained build operations Thread 24" [_thread_blocked, id=3228, stack(0x0000003cd0800000,0x0000003cd0900000)]
  0x0000021a826c8800 JavaThread "Unconstrained build operations Thread 25" [_thread_blocked, id=9328, stack(0x0000003cd0900000,0x0000003cd0a00000)]
  0x0000021a826cb800 JavaThread "Unconstrained build operations Thread 26" [_thread_blocked, id=12028, stack(0x0000003cd0a00000,0x0000003cd0b00000)]
  0x0000021a81a9b000 JavaThread "Unconstrained build operations Thread 27" [_thread_blocked, id=11636, stack(0x0000003cd0b00000,0x0000003cd0c00000)]
  0x0000021a81a9d800 JavaThread "Unconstrained build operations Thread 28" [_thread_blocked, id=8980, stack(0x0000003cd0c00000,0x0000003cd0d00000)]
  0x0000021a81a9e800 JavaThread "Unconstrained build operations Thread 29" [_thread_blocked, id=4412, stack(0x0000003cd0d00000,0x0000003cd0e00000)]
  0x0000021a81a9c000 JavaThread "Unconstrained build operations Thread 30" [_thread_blocked, id=5328, stack(0x0000003cd0e00000,0x0000003cd0f00000)]
  0x0000021a81a9d000 JavaThread "Unconstrained build operations Thread 31" [_thread_blocked, id=11972, stack(0x0000003cd0f00000,0x0000003cd1000000)]
  0x0000021a81aa0000 JavaThread "Unconstrained build operations Thread 32" [_thread_blocked, id=5200, stack(0x0000003cd1000000,0x0000003cd1100000)]
  0x0000021a81a9f000 JavaThread "Unconstrained build operations Thread 33" [_thread_blocked, id=5588, stack(0x0000003cd1100000,0x0000003cd1200000)]
  0x0000021a81a9a800 JavaThread "Unconstrained build operations Thread 34" [_thread_blocked, id=2060, stack(0x0000003cd1200000,0x0000003cd1300000)]
  0x0000021a81aa3800 JavaThread "Unconstrained build operations Thread 35" [_thread_blocked, id=11764, stack(0x0000003cd1300000,0x0000003cd1400000)]
  0x0000021a81aa4000 JavaThread "Unconstrained build operations Thread 36" [_thread_blocked, id=5504, stack(0x0000003cd1400000,0x0000003cd1500000)]
  0x0000021a81aa5000 JavaThread "Unconstrained build operations Thread 37" [_thread_blocked, id=560, stack(0x0000003cd1500000,0x0000003cd1600000)]
  0x0000021a81aa5800 JavaThread "Unconstrained build operations Thread 38" [_thread_blocked, id=5968, stack(0x0000003cd1600000,0x0000003cd1700000)]
  0x0000021a81aa6800 JavaThread "Unconstrained build operations Thread 39" [_thread_blocked, id=5916, stack(0x0000003cd1700000,0x0000003cd1800000)]
  0x0000021a81aa1000 JavaThread "Unconstrained build operations Thread 40" [_thread_blocked, id=2124, stack(0x0000003cd1800000,0x0000003cd1900000)]
  0x0000021a81aa7800 JavaThread "Memory manager" [_thread_blocked, id=9228, stack(0x0000003ccbe00000,0x0000003ccbf00000)]
  0x0000021a81aa2800 JavaThread "build event listener" [_thread_blocked, id=10272, stack(0x0000003cd1900000,0x0000003cd1a00000)]
  0x0000021a87f43800 JavaThread "Cache worker for execution history cache (E:\Kotlin\Projects\.gradle\7.3.3\executionHistory)" [_thread_blocked, id=6764, stack(0x0000003cd1f00000,0x0000003cd2000000)]
=>0x0000021aff834000 JavaThread "C2 CompilerThread1" daemon [_thread_in_native, id=5796, stack(0x0000003cd1a00000,0x0000003cd1b00000)]

Other Threads:
  0x0000021afed90800 VMThread "VM Thread" [stack: 0x0000003ccc700000,0x0000003ccc800000] [id=1240]
  0x0000021aff89f000 WatcherThread [stack: 0x0000003ccd100000,0x0000003ccd200000] [id=6836]
  0x0000021ae3255000 GCTaskThread "GC Thread#0" [stack: 0x0000003ccc200000,0x0000003ccc300000] [id=11340]
  0x0000021a80034800 GCTaskThread "GC Thread#1" [stack: 0x0000003ccd200000,0x0000003ccd300000] [id=9300]
  0x0000021aff830800 GCTaskThread "GC Thread#2" [stack: 0x0000003ccdd00000,0x0000003ccde00000] [id=2608]
  0x0000021a80840800 GCTaskThread "GC Thread#3" [stack: 0x0000003ccde00000,0x0000003ccdf00000] [id=6768]
  0x0000021ae3285800 ConcurrentGCThread "G1 Main Marker" [stack: 0x0000003ccc300000,0x0000003ccc400000] [id=8580]
  0x0000021ae3287000 ConcurrentGCThread "G1 Conc#0" [stack: 0x0000003ccc400000,0x0000003ccc500000] [id=2392]
  0x0000021ae32fa800 ConcurrentGCThread "G1 Refine#0" [stack: 0x0000003ccc500000,0x0000003ccc600000] [id=2772]
  0x0000021ae32fb800 ConcurrentGCThread "G1 Young RemSet Sampling" [stack: 0x0000003ccc600000,0x0000003ccc700000] [id=4760]

Threads with active compile tasks:
C2 CompilerThread0  49570 8880       4       org.gradle.internal.reflect.ClassInspector::inspectClass (179 bytes)
C1 CompilerThread0  49570 8891       3       org.gradle.internal.instantiation.generator.AsmBackedClassGenerator$ClassBuilderImpl::applyManagedStateToProperty (25 bytes)
C2 CompilerThread1  49570 8700       4       org.gradle.internal.instantiation.generator.AbstractClassGenerator::inspectType (560 bytes)

VM state:not at safepoint (normal execution)

VM Mutex/Monitor currently owned by a thread: None

Heap address: 0x0000000080000000, size: 2048 MB, Compressed Oops mode: 32-bit
Narrow klass base: 0x0000000000000000, Narrow klass shift: 3
Compressed class space size: 1073741824 Address: 0x0000000100000000

Heap:
 garbage-first heap   total 172032K, used 138236K [0x0000000080000000, 0x0000000100000000)
  region size 1024K, 32 young (32768K), 4 survivors (4096K)
 Metaspace       used 90934K, capacity 93118K, committed 93388K, reserved 1130496K
  class space    used 11833K, capacity 12636K, committed 12748K, reserved 1048576K
Heap Regions: E=young(eden), S=young(survivor), O=old, HS=humongous(starts), HC=humongous(continues), CS=collection set, F=free, A=archive, TAMS=top-at-mark-start (previous, next)
|   0|0x0000000080000000, 0x0000000080100000, 0x0000000080100000|100%| O|  |TAMS 0x0000000080100000, 0x0000000080000000| Untracked 
|   1|0x0000000080100000, 0x0000000080200000, 0x0000000080200000|100%| O|  |TAMS 0x0000000080200000, 0x0000000080100000| Untracked 
|   2|0x0000000080200000, 0x0000000080300000, 0x0000000080300000|100%| O|  |TAMS 0x0000000080300000, 0x0000000080200000| Untracked 
|   3|0x0000000080300000, 0x0000000080400000, 0x0000000080400000|100%|HS|  |TAMS 0x0000000080400000, 0x0000000080300000| Complete 
|   4|0x0000000080400000, 0x0000000080500000, 0x0000000080500000|100%|HC|  |TAMS 0x0000000080500000, 0x0000000080400000| Complete 
|   5|0x0000000080500000, 0x0000000080600000, 0x0000000080600000|100%|HC|  |TAMS 0x0000000080600000, 0x0000000080500000| Complete 
|   6|0x0000000080600000, 0x0000000080700000, 0x0000000080700000|100%| O|  |TAMS 0x0000000080700000, 0x0000000080600000| Untracked 
|   7|0x0000000080700000, 0x0000000080800000, 0x0000000080800000|100%| O|  |TAMS 0x0000000080800000, 0x0000000080700000| Untracked 
|   8|0x0000000080800000, 0x0000000080900000, 0x0000000080900000|100%| O|  |TAMS 0x0000000080900000, 0x0000000080800000| Untracked 
|   9|0x0000000080900000, 0x0000000080a00000, 0x0000000080a00000|100%| O|  |TAMS 0x0000000080a00000, 0x0000000080900000| Untracked 
|  10|0x0000000080a00000, 0x0000000080b00000, 0x0000000080b00000|100%| O|  |TAMS 0x0000000080b00000, 0x0000000080a00000| Untracked 
|  11|0x0000000080b00000, 0x0000000080c00000, 0x0000000080c00000|100%| O|  |TAMS 0x0000000080c00000, 0x0000000080b00000| Untracked 
|  12|0x0000000080c00000, 0x0000000080d00000, 0x0000000080d00000|100%| O|  |TAMS 0x0000000080d00000, 0x0000000080c00000| Untracked 
|  13|0x0000000080d00000, 0x0000000080e00000, 0x0000000080e00000|100%| O|  |TAMS 0x0000000080e00000, 0x0000000080d00000| Untracked 
|  14|0x0000000080e00000, 0x0000000080f00000, 0x0000000080f00000|100%| O|  |TAMS 0x0000000080f00000, 0x0000000080e00000| Untracked 
|  15|0x0000000080f00000, 0x0000000081000000, 0x0000000081000000|100%| O|  |TAMS 0x0000000081000000, 0x0000000080f00000| Untracked 
|  16|0x0000000081000000, 0x0000000081100000, 0x0000000081100000|100%|HS|  |TAMS 0x0000000081100000, 0x0000000081000000| Complete 
|  17|0x0000000081100000, 0x0000000081200000, 0x0000000081200000|100%|HC|  |TAMS 0x0000000081200000, 0x0000000081100000| Complete 
|  18|0x0000000081200000, 0x0000000081300000, 0x0000000081300000|100%|HS|  |TAMS 0x0000000081300000, 0x0000000081200000| Complete 
|  19|0x0000000081300000, 0x0000000081400000, 0x0000000081400000|100%|HC|  |TAMS 0x0000000081400000, 0x0000000081300000| Complete 
|  20|0x0000000081400000, 0x0000000081500000, 0x0000000081500000|100%|HC|  |TAMS 0x0000000081500000, 0x0000000081400000| Complete 
|  21|0x0000000081500000, 0x0000000081600000, 0x0000000081600000|100%|HS|  |TAMS 0x0000000081600000, 0x0000000081500000| Complete 
|  22|0x0000000081600000, 0x0000000081700000, 0x0000000081700000|100%|HS|  |TAMS 0x0000000081700000, 0x0000000081600000| Complete 
|  23|0x0000000081700000, 0x0000000081800000, 0x0000000081800000|100%|HC|  |TAMS 0x0000000081800000, 0x0000000081700000| Complete 
|  24|0x0000000081800000, 0x0000000081900000, 0x0000000081900000|100%|HC|  |TAMS 0x0000000081900000, 0x0000000081800000| Complete 
|  25|0x0000000081900000, 0x0000000081a00000, 0x0000000081a00000|100%|HC|  |TAMS 0x0000000081a00000, 0x0000000081900000| Complete 
|  26|0x0000000081a00000, 0x0000000081b00000, 0x0000000081b00000|100%| O|  |TAMS 0x0000000081b00000, 0x0000000081a00000| Untracked 
|  27|0x0000000081b00000, 0x0000000081c00000, 0x0000000081c00000|100%| O|  |TAMS 0x0000000081c00000, 0x0000000081b00000| Untracked 
|  28|0x0000000081c00000, 0x0000000081d00000, 0x0000000081d00000|100%| O|  |TAMS 0x0000000081d00000, 0x0000000081c00000| Untracked 
|  29|0x0000000081d00000, 0x0000000081e00000, 0x0000000081e00000|100%| O|  |TAMS 0x0000000081e00000, 0x0000000081d00000| Untracked 
|  30|0x0000000081e00000, 0x0000000081f00000, 0x0000000081f00000|100%| O|  |TAMS 0x0000000081f00000, 0x0000000081e00000| Untracked 
|  31|0x0000000081f00000, 0x0000000082000000, 0x0000000082000000|100%| O|  |TAMS 0x0000000082000000, 0x0000000081f00000| Untracked 
|  32|0x0000000082000000, 0x0000000082100000, 0x0000000082100000|100%| O|  |TAMS 0x0000000082100000, 0x0000000082000000| Untracked 
|  33|0x0000000082100000, 0x0000000082200000, 0x0000000082200000|100%| O|  |TAMS 0x0000000082200000, 0x0000000082100000| Untracked 
|  34|0x0000000082200000, 0x0000000082300000, 0x0000000082300000|100%|HS|  |TAMS 0x0000000082300000, 0x0000000082200000| Complete 
|  35|0x0000000082300000, 0x0000000082400000, 0x0000000082400000|100%|HC|  |TAMS 0x0000000082400000, 0x0000000082300000| Complete 
|  36|0x0000000082400000, 0x0000000082500000, 0x0000000082500000|100%|HC|  |TAMS 0x0000000082500000, 0x0000000082400000| Complete 
|  37|0x0000000082500000, 0x0000000082600000, 0x0000000082600000|100%| O|  |TAMS 0x0000000082600000, 0x0000000082500000| Untracked 
|  38|0x0000000082600000, 0x0000000082700000, 0x0000000082700000|100%| O|  |TAMS 0x0000000082700000, 0x0000000082600000| Untracked 
|  39|0x0000000082700000, 0x0000000082800000, 0x0000000082800000|100%| O|  |TAMS 0x0000000082800000, 0x0000000082700000| Untracked 
|  40|0x0000000082800000, 0x0000000082900000, 0x0000000082900000|100%| O|  |TAMS 0x0000000082900000, 0x0000000082800000| Untracked 
|  41|0x0000000082900000, 0x0000000082a00000, 0x0000000082a00000|100%| O|  |TAMS 0x0000000082a00000, 0x0000000082900000| Untracked 
|  42|0x0000000082a00000, 0x0000000082b00000, 0x0000000082b00000|100%|HS|  |TAMS 0x0000000082b00000, 0x0000000082a00000| Complete 
|  43|0x0000000082b00000, 0x0000000082c00000, 0x0000000082c00000|100%| O|  |TAMS 0x0000000082c00000, 0x0000000082b00000| Untracked 
|  44|0x0000000082c00000, 0x0000000082d00000, 0x0000000082d00000|100%| O|  |TAMS 0x0000000082d00000, 0x0000000082c00000| Untracked 
|  45|0x0000000082d00000, 0x0000000082e00000, 0x0000000082e00000|100%| O|  |TAMS 0x0000000082e00000, 0x0000000082d00000| Untracked 
|  46|0x0000000082e00000, 0x0000000082f00000, 0x0000000082f00000|100%| O|  |TAMS 0x0000000082f00000, 0x0000000082e00000| Untracked 
|  47|0x0000000082f00000, 0x0000000083000000, 0x0000000083000000|100%| O|  |TAMS 0x0000000083000000, 0x0000000082f00000| Untracked 
|  48|0x0000000083000000, 0x0000000083100000, 0x0000000083100000|100%| O|  |TAMS 0x0000000083100000, 0x0000000083000000| Untracked 
|  49|0x0000000083100000, 0x0000000083200000, 0x0000000083200000|100%| O|  |TAMS 0x0000000083200000, 0x0000000083100000| Untracked 
|  50|0x0000000083200000, 0x0000000083300000, 0x0000000083300000|100%|HS|  |TAMS 0x0000000083300000, 0x0000000083200000| Complete 
|  51|0x0000000083300000, 0x0000000083400000, 0x0000000083400000|100%|HC|  |TAMS 0x0000000083400000, 0x0000000083300000| Complete 
|  52|0x0000000083400000, 0x0000000083500000, 0x0000000083500000|100%|HC|  |TAMS 0x0000000083500000, 0x0000000083400000| Complete 
|  53|0x0000000083500000, 0x0000000083600000, 0x0000000083600000|100%|HC|  |TAMS 0x0000000083600000, 0x0000000083500000| Complete 
|  54|0x0000000083600000, 0x0000000083700000, 0x0000000083700000|100%| O|  |TAMS 0x0000000083700000, 0x0000000083600000| Untracked 
|  55|0x0000000083700000, 0x0000000083800000, 0x0000000083800000|100%| O|  |TAMS 0x0000000083800000, 0x0000000083700000| Untracked 
|  56|0x0000000083800000, 0x0000000083900000, 0x0000000083900000|100%|HS|  |TAMS 0x0000000083900000, 0x0000000083800000| Complete 
|  57|0x0000000083900000, 0x0000000083a00000, 0x0000000083a00000|100%|HS|  |TAMS 0x0000000083a00000, 0x0000000083900000| Complete 
|  58|0x0000000083a00000, 0x0000000083b00000, 0x0000000083b00000|100%|HS|  |TAMS 0x0000000083b00000, 0x0000000083a00000| Complete 
|  59|0x0000000083b00000, 0x0000000083c00000, 0x0000000083c00000|100%| O|  |TAMS 0x0000000083c00000, 0x0000000083b00000| Untracked 
|  60|0x0000000083c00000, 0x0000000083d00000, 0x0000000083d00000|100%|HS|  |TAMS 0x0000000083d00000, 0x0000000083c00000| Complete 
|  61|0x0000000083d00000, 0x0000000083e00000, 0x0000000083e00000|100%|HC|  |TAMS 0x0000000083e00000, 0x0000000083d00000| Complete 
|  62|0x0000000083e00000, 0x0000000083f00000, 0x0000000083f00000|100%|HC|  |TAMS 0x0000000083f00000, 0x0000000083e00000| Complete 
|  63|0x0000000083f00000, 0x0000000084000000, 0x0000000084000000|100%|HS|  |TAMS 0x0000000084000000, 0x0000000083f00000| Complete 
|  64|0x0000000084000000, 0x0000000084100000, 0x0000000084100000|100%|HC|  |TAMS 0x0000000084100000, 0x0000000084000000| Complete 
|  65|0x0000000084100000, 0x0000000084200000, 0x0000000084200000|100%| O|  |TAMS 0x0000000084200000, 0x0000000084100000| Untracked 
|  66|0x0000000084200000, 0x0000000084300000, 0x0000000084300000|100%| O|  |TAMS 0x0000000084300000, 0x0000000084200000| Untracked 
|  67|0x0000000084300000, 0x0000000084400000, 0x0000000084400000|100%| O|  |TAMS 0x0000000084400000, 0x0000000084300000| Untracked 
|  68|0x0000000084400000, 0x0000000084500000, 0x0000000084500000|100%| O|  |TAMS 0x0000000084500000, 0x0000000084400000| Untracked 
|  69|0x0000000084500000, 0x0000000084600000, 0x0000000084600000|100%| O|  |TAMS 0x0000000084600000, 0x0000000084500000| Untracked 
|  70|0x0000000084600000, 0x0000000084700000, 0x0000000084700000|100%| O|  |TAMS 0x0000000084700000, 0x0000000084600000| Untracked 
|  71|0x0000000084700000, 0x0000000084800000, 0x0000000084800000|100%| O|  |TAMS 0x0000000084800000, 0x0000000084700000| Untracked 
|  72|0x0000000084800000, 0x0000000084900000, 0x0000000084900000|100%| O|  |TAMS 0x0000000084900000, 0x0000000084800000| Untracked 
|  73|0x0000000084900000, 0x0000000084a00000, 0x0000000084a00000|100%| O|  |TAMS 0x0000000084a00000, 0x0000000084900000| Untracked 
|  74|0x0000000084a00000, 0x0000000084b00000, 0x0000000084b00000|100%| O|  |TAMS 0x0000000084b00000, 0x0000000084a00000| Untracked 
|  75|0x0000000084b00000, 0x0000000084c00000, 0x0000000084c00000|100%| O|  |TAMS 0x0000000084c00000, 0x0000000084b00000| Untracked 
|  76|0x0000000084c00000, 0x0000000084d00000, 0x0000000084d00000|100%| O|  |TAMS 0x0000000084d00000, 0x0000000084c00000| Untracked 
|  77|0x0000000084d00000, 0x0000000084e00000, 0x0000000084e00000|100%| O|  |TAMS 0x0000000084e00000, 0x0000000084d00000| Untracked 
|  78|0x0000000084e00000, 0x0000000084f00000, 0x0000000084f00000|100%| O|  |TAMS 0x0000000084f00000, 0x0000000084e00000| Untracked 
|  79|0x0000000084f00000, 0x0000000085000000, 0x0000000085000000|100%| O|  |TAMS 0x0000000085000000, 0x0000000084f00000| Untracked 
|  80|0x0000000085000000, 0x0000000085100000, 0x0000000085100000|100%| O|  |TAMS 0x0000000085100000, 0x0000000085000000| Untracked 
|  81|0x0000000085100000, 0x0000000085200000, 0x0000000085200000|100%| O|  |TAMS 0x0000000085200000, 0x0000000085100000| Untracked 
|  82|0x0000000085200000, 0x0000000085300000, 0x0000000085300000|100%| O|  |TAMS 0x0000000085300000, 0x0000000085200000| Untracked 
|  83|0x0000000085300000, 0x0000000085400000, 0x0000000085400000|100%|HS|  |TAMS 0x0000000085400000, 0x0000000085300000| Complete 
|  84|0x0000000085400000, 0x0000000085500000, 0x0000000085500000|100%|HC|  |TAMS 0x0000000085500000, 0x0000000085400000| Complete 
|  85|0x0000000085500000, 0x0000000085600000, 0x0000000085600000|100%|HS|  |TAMS 0x0000000085600000, 0x0000000085500000| Complete 
|  86|0x0000000085600000, 0x0000000085700000, 0x0000000085700000|100%|HC|  |TAMS 0x0000000085700000, 0x0000000085600000| Complete 
|  87|0x0000000085700000, 0x0000000085800000, 0x0000000085800000|100%|HC|  |TAMS 0x0000000085800000, 0x0000000085700000| Complete 
|  88|0x0000000085800000, 0x0000000085900000, 0x0000000085900000|100%|HS|  |TAMS 0x0000000085900000, 0x0000000085800000| Complete 
|  89|0x0000000085900000, 0x0000000085a00000, 0x0000000085a00000|100%|HS|  |TAMS 0x0000000085a00000, 0x0000000085900000| Complete 
|  90|0x0000000085a00000, 0x0000000085b00000, 0x0000000085b00000|100%|HC|  |TAMS 0x0000000085b00000, 0x0000000085a00000| Complete 
|  91|0x0000000085b00000, 0x0000000085c00000, 0x0000000085c00000|100%|HC|  |TAMS 0x0000000085c00000, 0x0000000085b00000| Complete 
|  92|0x0000000085c00000, 0x0000000085d00000, 0x0000000085d00000|100%|HC|  |TAMS 0x0000000085d00000, 0x0000000085c00000| Complete 
|  93|0x0000000085d00000, 0x0000000085e00000, 0x0000000085e00000|100%| O|  |TAMS 0x0000000085e00000, 0x0000000085d00000| Untracked 
|  94|0x0000000085e00000, 0x0000000085f00000, 0x0000000085f00000|100%| O|  |TAMS 0x0000000085f00000, 0x0000000085e00000| Untracked 
|  95|0x0000000085f00000, 0x0000000086000000, 0x0000000086000000|100%| O|  |TAMS 0x0000000086000000, 0x0000000085f00000| Untracked 
|  96|0x0000000086000000, 0x0000000086100000, 0x0000000086100000|100%| O|  |TAMS 0x0000000086100000, 0x0000000086000000| Untracked 
|  97|0x0000000086100000, 0x0000000086200000, 0x0000000086200000|100%| O|  |TAMS 0x0000000086200000, 0x0000000086100000| Untracked 
|  98|0x0000000086200000, 0x0000000086300000, 0x0000000086300000|100%| O|  |TAMS 0x0000000086300000, 0x0000000086200000| Untracked 
|  99|0x0000000086300000, 0x0000000086400000, 0x0000000086400000|100%| O|  |TAMS 0x0000000086400000, 0x0000000086300000| Untracked 
| 100|0x0000000086400000, 0x0000000086500000, 0x0000000086500000|100%| O|  |TAMS 0x0000000086500000, 0x0000000086400000| Untracked 
| 101|0x0000000086500000, 0x0000000086600000, 0x0000000086600000|100%| O|  |TAMS 0x0000000086600000, 0x0000000086500000| Untracked 
| 102|0x0000000086600000, 0x0000000086700000, 0x0000000086700000|100%| O|  |TAMS 0x0000000086700000, 0x0000000086600000| Untracked 
| 103|0x0000000086700000, 0x0000000086800000, 0x0000000086800000|100%| O|  |TAMS 0x0000000086800000, 0x0000000086700000| Untracked 
| 104|0x0000000086800000, 0x000000008685ba00, 0x0000000086900000| 35%| O|  |TAMS 0x000000008685ba00, 0x0000000086800000| Untracked 
| 105|0x0000000086900000, 0x0000000086900000, 0x0000000086a00000|  0%| F|  |TAMS 0x0000000086900000, 0x0000000086900000| Untracked 
| 106|0x0000000086a00000, 0x0000000086a00000, 0x0000000086b00000|  0%| F|  |TAMS 0x0000000086a00000, 0x0000000086a00000| Untracked 
| 107|0x0000000086b00000, 0x0000000086b00000, 0x0000000086c00000|  0%| F|  |TAMS 0x0000000086b00000, 0x0000000086b00000| Untracked 
| 108|0x0000000086c00000, 0x0000000086c00000, 0x0000000086d00000|  0%| F|  |TAMS 0x0000000086c00000, 0x0000000086c00000| Untracked 
| 109|0x0000000086d00000, 0x0000000086d00000, 0x0000000086e00000|  0%| F|  |TAMS 0x0000000086d00000, 0x0000000086d00000| Untracked 
| 110|0x0000000086e00000, 0x0000000086e00000, 0x0000000086f00000|  0%| F|  |TAMS 0x0000000086e00000, 0x0000000086e00000| Untracked 
| 111|0x0000000086f00000, 0x0000000086f00000, 0x0000000087000000|  0%| F|  |TAMS 0x0000000086f00000, 0x0000000086f00000| Untracked 
| 112|0x0000000087000000, 0x0000000087000000, 0x0000000087100000|  0%| F|  |TAMS 0x0000000087000000, 0x0000000087000000| Untracked 
| 113|0x0000000087100000, 0x0000000087100000, 0x0000000087200000|  0%| F|  |TAMS 0x0000000087100000, 0x0000000087100000| Untracked 
| 114|0x0000000087200000, 0x0000000087200000, 0x0000000087300000|  0%| F|  |TAMS 0x0000000087200000, 0x0000000087200000| Untracked 
| 115|0x0000000087300000, 0x0000000087300000, 0x0000000087400000|  0%| F|  |TAMS 0x0000000087300000, 0x0000000087300000| Untracked 
| 116|0x0000000087400000, 0x0000000087400000, 0x0000000087500000|  0%| F|  |TAMS 0x0000000087400000, 0x0000000087400000| Untracked 
| 117|0x0000000087500000, 0x0000000087500000, 0x0000000087600000|  0%| F|  |TAMS 0x0000000087500000, 0x0000000087500000| Untracked 
| 118|0x0000000087600000, 0x0000000087600000, 0x0000000087700000|  0%| F|  |TAMS 0x0000000087600000, 0x0000000087600000| Untracked 
| 119|0x0000000087700000, 0x0000000087700000, 0x0000000087800000|  0%| F|  |TAMS 0x0000000087700000, 0x0000000087700000| Untracked 
| 120|0x0000000087800000, 0x0000000087800000, 0x0000000087900000|  0%| F|  |TAMS 0x0000000087800000, 0x0000000087800000| Untracked 
| 121|0x0000000087900000, 0x0000000087900000, 0x0000000087a00000|  0%| F|  |TAMS 0x0000000087900000, 0x0000000087900000| Untracked 
| 122|0x0000000087a00000, 0x0000000087a00000, 0x0000000087b00000|  0%| F|  |TAMS 0x0000000087a00000, 0x0000000087a00000| Untracked 
| 123|0x0000000087b00000, 0x0000000087b00000, 0x0000000087c00000|  0%| F|  |TAMS 0x0000000087b00000, 0x0000000087b00000| Untracked 
| 124|0x0000000087c00000, 0x0000000087c00000, 0x0000000087d00000|  0%| F|  |TAMS 0x0000000087c00000, 0x0000000087c00000| Untracked 
| 125|0x0000000087d00000, 0x0000000087d00000, 0x0000000087e00000|  0%| F|  |TAMS 0x0000000087d00000, 0x0000000087d00000| Untracked 
| 126|0x0000000087e00000, 0x0000000087ea38b8, 0x0000000087f00000| 63%| S|CS|TAMS 0x0000000087e00000, 0x0000000087e00000| Complete 
| 127|0x0000000087f00000, 0x0000000088000000, 0x0000000088000000|100%| S|CS|TAMS 0x0000000087f00000, 0x0000000087f00000| Complete 
| 128|0x0000000088000000, 0x0000000088000000, 0x0000000088100000|  0%| F|  |TAMS 0x0000000088000000, 0x0000000088000000| Untracked 
| 129|0x0000000088100000, 0x0000000088100000, 0x0000000088200000|  0%| F|  |TAMS 0x0000000088100000, 0x0000000088100000| Untracked 
| 130|0x0000000088200000, 0x0000000088200000, 0x0000000088300000|  0%| F|  |TAMS 0x0000000088200000, 0x0000000088200000| Untracked 
| 131|0x0000000088300000, 0x0000000088400000, 0x0000000088400000|100%| S|CS|TAMS 0x0000000088300000, 0x0000000088300000| Complete 
| 132|0x0000000088400000, 0x0000000088500000, 0x0000000088500000|100%| S|CS|TAMS 0x0000000088400000, 0x0000000088400000| Complete 
| 133|0x0000000088500000, 0x0000000088500000, 0x0000000088600000|  0%| F|  |TAMS 0x0000000088500000, 0x0000000088500000| Untracked 
| 134|0x0000000088600000, 0x0000000088600000, 0x0000000088700000|  0%| F|  |TAMS 0x0000000088600000, 0x0000000088600000| Untracked 
| 135|0x0000000088700000, 0x0000000088700000, 0x0000000088800000|  0%| F|  |TAMS 0x0000000088700000, 0x0000000088700000| Untracked 
| 136|0x0000000088800000, 0x0000000088800000, 0x0000000088900000|  0%| F|  |TAMS 0x0000000088800000, 0x0000000088800000| Untracked 
| 137|0x0000000088900000, 0x0000000088900000, 0x0000000088a00000|  0%| F|  |TAMS 0x0000000088900000, 0x0000000088900000| Untracked 
| 138|0x0000000088a00000, 0x0000000088a00000, 0x0000000088b00000|  0%| F|  |TAMS 0x0000000088a00000, 0x0000000088a00000| Untracked 
| 139|0x0000000088b00000, 0x0000000088b00000, 0x0000000088c00000|  0%| F|  |TAMS 0x0000000088b00000, 0x0000000088b00000| Untracked 
| 140|0x0000000088c00000, 0x0000000088d00000, 0x0000000088d00000|100%| E|  |TAMS 0x0000000088c00000, 0x0000000088c00000| Complete 
| 141|0x0000000088d00000, 0x0000000088e00000, 0x0000000088e00000|100%| E|CS|TAMS 0x0000000088d00000, 0x0000000088d00000| Complete 
| 142|0x0000000088e00000, 0x0000000088f00000, 0x0000000088f00000|100%| E|CS|TAMS 0x0000000088e00000, 0x0000000088e00000| Complete 
| 143|0x0000000088f00000, 0x0000000089000000, 0x0000000089000000|100%| E|CS|TAMS 0x0000000088f00000, 0x0000000088f00000| Complete 
| 144|0x0000000089000000, 0x0000000089100000, 0x0000000089100000|100%| E|CS|TAMS 0x0000000089000000, 0x0000000089000000| Complete 
| 145|0x0000000089100000, 0x0000000089200000, 0x0000000089200000|100%| E|CS|TAMS 0x0000000089100000, 0x0000000089100000| Complete 
| 146|0x0000000089200000, 0x0000000089300000, 0x0000000089300000|100%| E|CS|TAMS 0x0000000089200000, 0x0000000089200000| Complete 
| 147|0x0000000089300000, 0x0000000089400000, 0x0000000089400000|100%| E|CS|TAMS 0x0000000089300000, 0x0000000089300000| Complete 
| 148|0x0000000089400000, 0x0000000089500000, 0x0000000089500000|100%| E|CS|TAMS 0x0000000089400000, 0x0000000089400000| Complete 
| 149|0x0000000089500000, 0x0000000089600000, 0x0000000089600000|100%| E|CS|TAMS 0x0000000089500000, 0x0000000089500000| Complete 
| 150|0x0000000089600000, 0x0000000089700000, 0x0000000089700000|100%| E|CS|TAMS 0x0000000089600000, 0x0000000089600000| Complete 
| 151|0x0000000089700000, 0x0000000089800000, 0x0000000089800000|100%| E|CS|TAMS 0x0000000089700000, 0x0000000089700000| Complete 
| 152|0x0000000089800000, 0x0000000089900000, 0x0000000089900000|100%| E|CS|TAMS 0x0000000089800000, 0x0000000089800000| Complete 
| 153|0x0000000089900000, 0x0000000089a00000, 0x0000000089a00000|100%| E|CS|TAMS 0x0000000089900000, 0x0000000089900000| Complete 
| 154|0x0000000089a00000, 0x0000000089b00000, 0x0000000089b00000|100%| E|CS|TAMS 0x0000000089a00000, 0x0000000089a00000| Complete 
| 155|0x0000000089b00000, 0x0000000089c00000, 0x0000000089c00000|100%| E|CS|TAMS 0x0000000089b00000, 0x0000000089b00000| Complete 
| 156|0x0000000089c00000, 0x0000000089d00000, 0x0000000089d00000|100%| E|CS|TAMS 0x0000000089c00000, 0x0000000089c00000| Complete 
| 157|0x0000000089d00000, 0x0000000089e00000, 0x0000000089e00000|100%| E|CS|TAMS 0x0000000089d00000, 0x0000000089d00000| Complete 
| 158|0x0000000089e00000, 0x0000000089f00000, 0x0000000089f00000|100%| E|CS|TAMS 0x0000000089e00000, 0x0000000089e00000| Complete 
| 159|0x0000000089f00000, 0x000000008a000000, 0x000000008a000000|100%| E|CS|TAMS 0x0000000089f00000, 0x0000000089f00000| Complete 
| 160|0x000000008a000000, 0x000000008a100000, 0x000000008a100000|100%| E|CS|TAMS 0x000000008a000000, 0x000000008a000000| Complete 
| 161|0x000000008a100000, 0x000000008a200000, 0x000000008a200000|100%| E|CS|TAMS 0x000000008a100000, 0x000000008a100000| Complete 
| 162|0x000000008a200000, 0x000000008a300000, 0x000000008a300000|100%| E|CS|TAMS 0x000000008a200000, 0x000000008a200000| Complete 
| 163|0x000000008a300000, 0x000000008a400000, 0x000000008a400000|100%| E|CS|TAMS 0x000000008a300000, 0x000000008a300000| Complete 
| 164|0x000000008a400000, 0x000000008a500000, 0x000000008a500000|100%| E|CS|TAMS 0x000000008a400000, 0x000000008a400000| Complete 
| 165|0x000000008a500000, 0x000000008a600000, 0x000000008a600000|100%| E|CS|TAMS 0x000000008a500000, 0x000000008a500000| Complete 
| 166|0x000000008a600000, 0x000000008a700000, 0x000000008a700000|100%| E|CS|TAMS 0x000000008a600000, 0x000000008a600000| Complete 
| 167|0x000000008a700000, 0x000000008a800000, 0x000000008a800000|100%| E|CS|TAMS 0x000000008a700000, 0x000000008a700000| Complete 

Card table byte_map: [0x0000021af7f70000,0x0000021af8370000] _byte_map_base: 0x0000021af7b70000

Marking Bits (Prev, Next): (CMBitMap*) 0x0000021ae327cce0, (CMBitMap*) 0x0000021ae327cca8
 Prev Bits: [0x0000021afa770000, 0x0000021afc770000)
 Next Bits: [0x0000021af8770000, 0x0000021afa770000)

Polling page: 0x0000021ae3100000

Metaspace:

Usage:
  Non-class:     78.60 MB capacity,    77.28 MB ( 98%) used,     1.09 MB (  1%) free+waste,   235.25 KB ( <1%) overhead. 
      Class:     12.37 MB capacity,    11.56 MB ( 93%) used,   722.81 KB (  6%) free+waste,   109.06 KB ( <1%) overhead. 
       Both:     90.97 MB capacity,    88.83 MB ( 98%) used,     1.80 MB (  2%) free+waste,   344.31 KB ( <1%) overhead. 

Virtual space:
  Non-class space:       80.00 MB reserved,      78.75 MB ( 98%) committed 
      Class space:        1.00 GB reserved,      12.45 MB (  1%) committed 
             Both:        1.08 GB reserved,      91.20 MB (  8%) committed 

Chunk freelists:
   Non-Class:  29.00 KB
       Class:  4.00 KB
        Both:  33.00 KB

MaxMetaspaceSize: 17179869184.00 GB
CompressedClassSpaceSize: 1.00 GB
Initial GC threshold: 20.80 MB
Current GC threshold: 140.75 MB
CDS: off

CodeHeap 'non-profiled nmethods': size=120064Kb used=5129Kb max_used=5129Kb free=114934Kb
 bounds [0x0000021af0000000, 0x0000021af0510000, 0x0000021af7540000]
CodeHeap 'profiled nmethods': size=120000Kb used=19131Kb max_used=19131Kb free=100868Kb
 bounds [0x0000021ae8ad0000, 0x0000021ae9d80000, 0x0000021af0000000]
CodeHeap 'non-nmethods': size=5696Kb used=2376Kb max_used=2438Kb free=3320Kb
 bounds [0x0000021ae8540000, 0x0000021ae87b0000, 0x0000021ae8ad0000]
 total_blobs=9648 nmethods=8756 adapters=803
 compilation: enabled
              stopped_count=0, restarted_count=0
 full_count=0

Compilation events (20 events):
Event: 49.275 Thread 0x0000021afedb9800 nmethod 8866 0x0000021af04fc990 code [0x0000021af04fcb40, 0x0000021af04fcd48]
Event: 49.275 Thread 0x0000021afedb9800 8868       4       org.objectweb.asm.ByteVector::encodeUtf8 (337 bytes)
Event: 49.277 Thread 0x0000021afedbc800 8870       1       org.gradle.api.internal.project.DefaultProject::getTasks (5 bytes)
Event: 49.277 Thread 0x0000021afedbc800 nmethod 8870 0x0000021af04fcf10 code [0x0000021af04fd0c0, 0x0000021af04fd178]
Event: 49.289 Thread 0x0000021afedb9800 nmethod 8868 0x0000021af04fd210 code [0x0000021af04fd3e0, 0x0000021af04fda08]
Event: 49.301 Thread 0x0000021afedb9800 8871       4       org.gradle.internal.instantiation.generator.AbstractClassGenerator$ClassMetadata::property (42 bytes)
Event: 49.373 Thread 0x0000021afedbc800 8875       1       org.gradle.api.internal.file.DefaultFileSystemLocation::getAsFile (5 bytes)
Event: 49.373 Thread 0x0000021afedbc800 nmethod 8875 0x0000021af04fdf90 code [0x0000021af04fe140, 0x0000021af04fe1f8]
Event: 49.373 Thread 0x0000021afedbc800 8876       3       com.google.common.base.Joiner::toString (24 bytes)
Event: 49.374 Thread 0x0000021afedbc800 nmethod 8876 0x0000021ae9d74b90 code [0x0000021ae9d74d80, 0x0000021ae9d752f8]
Event: 49.377 Thread 0x0000021afedbc800 8877       3       org.gradle.internal.reflect.JavaPropertyReflectionUtil::hasTypeVariable (267 bytes)
Event: 49.380 Thread 0x0000021afedbc800 nmethod 8877 0x0000021ae9d75490 code [0x0000021ae9d758a0, 0x0000021ae9d77c48]
Event: 49.411 Thread 0x0000021afedbc800 8879       3       org.gradle.api.internal.DefaultDomainObjectSet_Decorated::getStore (39 bytes)
Event: 49.411 Thread 0x0000021afedbc800 nmethod 8879 0x0000021ae9d78310 code [0x0000021ae9d78540, 0x0000021ae9d78c68]
Event: 49.491 Thread 0x0000021afedbc800 8882   !   3       org.gradle.api.internal.DefaultMutationGuard$2::execute (67 bytes)
Event: 49.493 Thread 0x0000021afedbc800 nmethod 8882 0x0000021ae9d78e90 code [0x0000021ae9d79140, 0x0000021ae9d79e08]
Event: 49.494 Thread 0x0000021afedbc800 8883       3       org.gradle.internal.typeconversion.NotationParserBuilder::toType (18 bytes)
Event: 49.495 Thread 0x0000021afedbc800 nmethod 8883 0x0000021ae9d7a310 code [0x0000021ae9d7a520, 0x0000021ae9d7ac78]
Event: 49.495 Thread 0x0000021afedbc800 8884       3       org.gradle.internal.typeconversion.NotationParserBuilder::toComposite (9 bytes)
Event: 49.495 Thread 0x0000021afedbc800 nmethod 8884 0x0000021ae9d7af10 code [0x0000021ae9d7b0e0, 0x0000021ae9d7b258]

GC Heap History (20 events):
Event: 32.901 GC heap before
{Heap before GC invocations=26 (full 0):
 garbage-first heap   total 143360K, used 106750K [0x0000000080000000, 0x0000000100000000)
  region size 1024K, 35 young (35840K), 4 survivors (4096K)
 Metaspace       used 58013K, capacity 59543K, committed 59852K, reserved 1101824K
  class space    used 7436K, capacity 8019K, committed 8140K, reserved 1048576K
}
Event: 32.913 GC heap after
{Heap after GC invocations=27 (full 0):
 garbage-first heap   total 143360K, used 76441K [0x0000000080000000, 0x0000000100000000)
  region size 1024K, 2 young (2048K), 2 survivors (2048K)
 Metaspace       used 58013K, capacity 59543K, committed 59852K, reserved 1101824K
  class space    used 7436K, capacity 8019K, committed 8140K, reserved 1048576K
}
Event: 34.184 GC heap before
{Heap before GC invocations=28 (full 0):
 garbage-first heap   total 143360K, used 109209K [0x0000000080000000, 0x0000000100000000)
  region size 1024K, 34 young (34816K), 2 survivors (2048K)
 Metaspace       used 62750K, capacity 64305K, committed 64588K, reserved 1105920K
  class space    used 8034K, capacity 8646K, committed 8780K, reserved 1048576K
}
Event: 34.195 GC heap after
{Heap after GC invocations=29 (full 0):
 garbage-first heap   total 143360K, used 79639K [0x0000000080000000, 0x0000000100000000)
  region size 1024K, 5 young (5120K), 5 survivors (5120K)
 Metaspace       used 62750K, capacity 64305K, committed 64588K, reserved 1105920K
  class space    used 8034K, capacity 8646K, committed 8780K, reserved 1048576K
}
Event: 35.465 GC heap before
{Heap before GC invocations=29 (full 0):
 garbage-first heap   total 143360K, used 110359K [0x0000000080000000, 0x0000000100000000)
  region size 1024K, 36 young (36864K), 5 survivors (5120K)
 Metaspace       used 65375K, capacity 66971K, committed 67148K, reserved 1107968K
  class space    used 8341K, capacity 8974K, committed 9036K, reserved 1048576K
}
Event: 35.483 GC heap after
{Heap after GC invocations=30 (full 0):
 garbage-first heap   total 143360K, used 81320K [0x0000000080000000, 0x0000000100000000)
  region size 1024K, 3 young (3072K), 3 survivors (3072K)
 Metaspace       used 65375K, capacity 66971K, committed 67148K, reserved 1107968K
  class space    used 8341K, capacity 8974K, committed 9036K, reserved 1048576K
}
Event: 36.282 GC heap before
{Heap before GC invocations=31 (full 0):
 garbage-first heap   total 143360K, used 96680K [0x0000000080000000, 0x0000000100000000)
  region size 1024K, 19 young (19456K), 3 survivors (3072K)
 Metaspace       used 66601K, capacity 68264K, committed 68300K, reserved 1107968K
  class space    used 8513K, capacity 9147K, committed 9164K, reserved 1048576K
}
Event: 36.294 GC heap after
{Heap after GC invocations=32 (full 0):
 garbage-first heap   total 172032K, used 82294K [0x0000000080000000, 0x0000000100000000)
  region size 1024K, 4 young (4096K), 4 survivors (4096K)
 Metaspace       used 66601K, capacity 68264K, committed 68300K, reserved 1107968K
  class space    used 8513K, capacity 9147K, committed 9164K, reserved 1048576K
}
Event: 38.709 GC heap before
{Heap before GC invocations=33 (full 0):
 garbage-first heap   total 172032K, used 129398K [0x0000000080000000, 0x0000000100000000)
  region size 1024K, 49 young (50176K), 4 survivors (4096K)
 Metaspace       used 69834K, capacity 71434K, committed 71500K, reserved 1112064K
  class space    used 8924K, capacity 9537K, committed 9548K, reserved 1048576K
}
Event: 38.724 GC heap after
{Heap after GC invocations=34 (full 0):
 garbage-first heap   total 172032K, used 84890K [0x0000000080000000, 0x0000000100000000)
  region size 1024K, 6 young (6144K), 6 survivors (6144K)
 Metaspace       used 69834K, capacity 71434K, committed 71500K, reserved 1112064K
  class space    used 8924K, capacity 9537K, committed 9548K, reserved 1048576K
}
Event: 40.318 GC heap before
{Heap before GC invocations=34 (full 0):
 garbage-first heap   total 172032K, used 133018K [0x0000000080000000, 0x0000000100000000)
  region size 1024K, 53 young (54272K), 6 survivors (6144K)
 Metaspace       used 72725K, capacity 74426K, committed 74572K, reserved 1114112K
  class space    used 9351K, capacity 9999K, committed 10060K, reserved 1048576K
}
Event: 40.346 GC heap after
{Heap after GC invocations=35 (full 0):
 garbage-first heap   total 172032K, used 87993K [0x0000000080000000, 0x0000000100000000)
  region size 1024K, 6 young (6144K), 6 survivors (6144K)
 Metaspace       used 72725K, capacity 74426K, committed 74572K, reserved 1114112K
  class space    used 9351K, capacity 9999K, committed 10060K, reserved 1048576K
}
Event: 42.331 GC heap before
{Heap before GC invocations=36 (full 0):
 garbage-first heap   total 172032K, used 132025K [0x0000000080000000, 0x0000000100000000)
  region size 1024K, 50 young (51200K), 6 survivors (6144K)
 Metaspace       used 77378K, capacity 79266K, committed 79436K, reserved 1118208K
  class space    used 10068K, capacity 10768K, committed 10828K, reserved 1048576K
}
Event: 42.354 GC heap after
{Heap after GC invocations=37 (full 0):
 garbage-first heap   total 172032K, used 90929K [0x0000000080000000, 0x0000000100000000)
  region size 1024K, 6 young (6144K), 6 survivors (6144K)
 Metaspace       used 77378K, capacity 79266K, committed 79436K, reserved 1118208K
  class space    used 10068K, capacity 10768K, committed 10828K, reserved 1048576K
}
Event: 44.320 GC heap before
{Heap before GC invocations=38 (full 0):
 garbage-first heap   total 172032K, used 148273K [0x0000000080000000, 0x0000000100000000)
  region size 1024K, 52 young (53248K), 6 survivors (6144K)
 Metaspace       used 79577K, capacity 81642K, committed 81868K, reserved 1120256K
  class space    used 10390K, capacity 11163K, committed 11212K, reserved 1048576K
}
Event: 44.341 GC heap after
{Heap after GC invocations=39 (full 0):
 garbage-first heap   total 172032K, used 106465K [0x0000000080000000, 0x0000000100000000)
  region size 1024K, 7 young (7168K), 7 survivors (7168K)
 Metaspace       used 79577K, capacity 81642K, committed 81868K, reserved 1120256K
  class space    used 10390K, capacity 11163K, committed 11212K, reserved 1048576K
}
Event: 45.590 GC heap before
{Heap before GC invocations=39 (full 0):
 garbage-first heap   total 172032K, used 144353K [0x0000000080000000, 0x0000000100000000)
  region size 1024K, 44 young (45056K), 7 survivors (7168K)
 Metaspace       used 82569K, capacity 84674K, committed 84812K, reserved 1122304K
  class space    used 10792K, capacity 11569K, committed 11596K, reserved 1048576K
}
Event: 45.604 GC heap after
{Heap after GC invocations=40 (full 0):
 garbage-first heap   total 172032K, used 109152K [0x0000000080000000, 0x0000000100000000)
  region size 1024K, 3 young (3072K), 3 survivors (3072K)
 Metaspace       used 82569K, capacity 84674K, committed 84812K, reserved 1122304K
  class space    used 10792K, capacity 11569K, committed 11596K, reserved 1048576K
}
Event: 47.810 GC heap before
{Heap before GC invocations=41 (full 0):
 garbage-first heap   total 172032K, used 146016K [0x0000000080000000, 0x0000000100000000)
  region size 1024K, 38 young (38912K), 3 survivors (3072K)
 Metaspace       used 87451K, capacity 89640K, committed 89804K, reserved 1126400K
  class space    used 11392K, capacity 12166K, committed 12236K, reserved 1048576K
}
Event: 47.821 GC heap after
{Heap after GC invocations=42 (full 0):
 garbage-first heap   total 172032K, used 110588K [0x0000000080000000, 0x0000000100000000)
  region size 1024K, 4 young (4096K), 4 survivors (4096K)
 Metaspace       used 87451K, capacity 89640K, committed 89804K, reserved 1126400K
  class space    used 11392K, capacity 12166K, committed 12236K, reserved 1048576K
}

Deoptimization events (20 events):
Event: 48.389 Thread 0x0000021a80c20000 Uncommon trap: trap_request=0xffffff4d fr.pc=0x0000021af01f35e8 relative=0x0000000000000668
Event: 48.389 Thread 0x0000021a80c20000 Uncommon trap: reason=unstable_if action=reinterpret pc=0x0000021af01f35e8 method=java.util.HashMap.putVal(ILjava/lang/Object;Ljava/lang/Object;ZZ)Ljava/lang/Object; @ 109 c2
Event: 48.389 Thread 0x0000021a80c20000 DEOPT PACKING pc=0x0000021af01f35e8 sp=0x0000003ccd9f8a50
Event: 48.389 Thread 0x0000021a80c20000 DEOPT UNPACKING pc=0x0000021ae858a1af sp=0x0000003ccd9f8a08 mode 2
Event: 48.627 Thread 0x0000021a80c20000 DEOPT PACKING pc=0x0000021ae97712ec sp=0x0000003ccd9f7370
Event: 48.627 Thread 0x0000021a80c20000 DEOPT UNPACKING pc=0x0000021ae858a95e sp=0x0000003ccd9f6910 mode 0
Event: 48.875 Thread 0x0000021a80c20000 DEOPT PACKING pc=0x0000021ae98009a7 sp=0x0000003ccd9f8be0
Event: 48.875 Thread 0x0000021a80c20000 DEOPT UNPACKING pc=0x0000021ae858a95e sp=0x0000003ccd9f8070 mode 0
Event: 48.905 Thread 0x0000021a80c20000 DEOPT PACKING pc=0x0000021ae995ae0e sp=0x0000003ccd9fa230
Event: 48.905 Thread 0x0000021a80c20000 DEOPT UNPACKING pc=0x0000021ae858a95e sp=0x0000003ccd9f9778 mode 0
Event: 48.905 Thread 0x0000021a80c20000 Uncommon trap: trap_request=0xffffff4d fr.pc=0x0000021af028a99c relative=0x000000000000007c
Event: 48.905 Thread 0x0000021a80c20000 Uncommon trap: reason=unstable_if action=reinterpret pc=0x0000021af028a99c method=java.util.Spliterator.getExactSizeIfKnown()J @ 9 c2
Event: 48.905 Thread 0x0000021a80c20000 DEOPT PACKING pc=0x0000021af028a99c sp=0x0000003ccd9fa890
Event: 48.905 Thread 0x0000021a80c20000 DEOPT UNPACKING pc=0x0000021ae858a1af sp=0x0000003ccd9fa828 mode 2
Event: 48.912 Thread 0x0000021a80c20000 DEOPT PACKING pc=0x0000021ae9770c4d sp=0x0000003ccd9f92a0
Event: 48.912 Thread 0x0000021a80c20000 DEOPT UNPACKING pc=0x0000021ae858a95e sp=0x0000003ccd9f8840 mode 0
Event: 49.008 Thread 0x0000021a80c20000 DEOPT PACKING pc=0x0000021ae995ae0e sp=0x0000003ccd9fa1a0
Event: 49.008 Thread 0x0000021a80c20000 DEOPT UNPACKING pc=0x0000021ae858a95e sp=0x0000003ccd9f96e8 mode 0
Event: 49.098 Thread 0x0000021a80c20000 DEOPT PACKING pc=0x0000021ae97712ec sp=0x0000003ccd9f8960
Event: 49.098 Thread 0x0000021a80c20000 DEOPT UNPACKING pc=0x0000021ae858a95e sp=0x0000003ccd9f7f00 mode 0

Classes redefined (0 events):
No events

Internal exceptions (20 events):
Event: 44.930 Thread 0x0000021a80c20000 Exception <a 'java/lang/ClassNotFoundException'{0x000000008959c148}: java/util/CollectionCustomizer> (0x000000008959c148) thrown at [./src/hotspot/share/classfile/systemDictionary.cpp, line 231]
Event: 44.951 Thread 0x0000021a80c20000 Exception <a 'java/lang/ClassNotFoundException'{0x000000008941fca0}: org/gradle/api/tasks/SourceSetBeanInfo> (0x000000008941fca0) thrown at [./src/hotspot/share/classfile/systemDictionary.cpp, line 231]
Event: 44.952 Thread 0x0000021a80c20000 Exception <a 'java/lang/ClassNotFoundException'{0x000000008943b8b0}: org/gradle/api/tasks/SourceSetCustomizer> (0x000000008943b8b0) thrown at [./src/hotspot/share/classfile/systemDictionary.cpp, line 231]
Event: 44.960 Thread 0x0000021a80c20000 Exception <a 'java/lang/ClassNotFoundException'{0x00000000894b5750}: java/util/LinkedHashMapBeanInfo> (0x00000000894b5750) thrown at [./src/hotspot/share/classfile/systemDictionary.cpp, line 231]
Event: 44.961 Thread 0x0000021a80c20000 Exception <a 'java/lang/ClassNotFoundException'{0x00000000894bdfb0}: java/util/HashMapBeanInfo> (0x00000000894bdfb0) thrown at [./src/hotspot/share/classfile/systemDictionary.cpp, line 231]
Event: 44.961 Thread 0x0000021a80c20000 Exception <a 'java/lang/ClassNotFoundException'{0x00000000894c7598}: java/util/AbstractMapBeanInfo> (0x00000000894c7598) thrown at [./src/hotspot/share/classfile/systemDictionary.cpp, line 231]
Event: 44.961 Thread 0x0000021a80c20000 Exception <a 'java/lang/ClassNotFoundException'{0x00000000894d06e8}: java/util/AbstractMapCustomizer> (0x00000000894d06e8) thrown at [./src/hotspot/share/classfile/systemDictionary.cpp, line 231]
Event: 44.963 Thread 0x0000021a80c20000 Exception <a 'java/lang/ClassNotFoundException'{0x00000000894e3378}: java/util/HashMapCustomizer> (0x00000000894e3378) thrown at [./src/hotspot/share/classfile/systemDictionary.cpp, line 231]
Event: 44.965 Thread 0x0000021a80c20000 Exception <a 'java/lang/ClassNotFoundException'{0x0000000089304680}: java/util/LinkedHashMapCustomizer> (0x0000000089304680) thrown at [./src/hotspot/share/classfile/systemDictionary.cpp, line 231]
Event: 45.712 Thread 0x0000021a80c20000 Exception <a 'java/lang/NoSuchMethodError'{0x000000008a450fb8}: <clinit>> (0x000000008a450fb8) thrown at [./src/hotspot/share/prims/jni.cpp, line 1365]
Event: 46.051 Thread 0x0000021a80c20000 Exception <a 'sun/nio/fs/WindowsException'{0x0000000089d7d970}> (0x0000000089d7d970) thrown at [./src/hotspot/share/prims/jni.cpp, line 615]
Event: 46.051 Thread 0x0000021a80c20000 Exception <a 'sun/nio/fs/WindowsException'{0x0000000089d7dd48}> (0x0000000089d7dd48) thrown at [./src/hotspot/share/prims/jni.cpp, line 615]
Event: 46.285 Thread 0x0000021a80c20000 Exception <a 'java/lang/NullPointerException'{0x00000000894f97b0}> (0x00000000894f97b0) thrown at [./src/hotspot/share/interpreter/linkResolver.cpp, line 1440]
Event: 47.840 Thread 0x0000021a80c20000 Exception <a 'java/lang/NoSuchMethodError'{0x000000008a7a9088}: 'int java.lang.invoke.DirectMethodHandle$Holder.invokeStatic(java.lang.Object, java.lang.Object, int, java.lang.Object)'> (0x000000008a7a9088) thrown at [./src/hotspot/share/interpreter/linkResolver.cpp, line 773]
Event: 48.008 Thread 0x0000021a80c20000 Exception <a 'sun/nio/fs/WindowsException'{0x000000008a6cf798}> (0x000000008a6cf798) thrown at [./src/hotspot/share/prims/jni.cpp, line 615]
Event: 48.009 Thread 0x0000021a80c20000 Exception <a 'sun/nio/fs/WindowsException'{0x000000008a6d0800}> (0x000000008a6d0800) thrown at [./src/hotspot/share/prims/jni.cpp, line 615]
Event: 48.009 Thread 0x0000021a80c20000 Exception <a 'sun/nio/fs/WindowsException'{0x000000008a6d18a0}> (0x000000008a6d18a0) thrown at [./src/hotspot/share/prims/jni.cpp, line 615]
Event: 48.009 Thread 0x0000021a80c20000 Exception <a 'sun/nio/fs/WindowsException'{0x000000008a6d2940}> (0x000000008a6d2940) thrown at [./src/hotspot/share/prims/jni.cpp, line 615]
Event: 48.996 Thread 0x0000021a80c20000 Exception <a 'java/lang/NoSuchMethodError'{0x000000008941b748}: 'int java.lang.invoke.DirectMethodHandle$Holder.invokeSpecialIFC(java.lang.Object, java.lang.Object, java.lang.Object)'> (0x000000008941b748) thrown at [./src/hotspot/share/interpreter/linkResolver.cpp, line 773]
Event: 49.207 Thread 0x0000021a80c20000 Exception <a 'java/lang/NoSuchMethodError'{0x000000008911a348}: 'java.lang.Object java.lang.invoke.Invokers$Holder.linkToTargetMethod(java.lang.Object, java.lang.Object, java.lang.Object, int, java.lang.Object, java.lang.Object)'> (0x000000008911a348) thrown at [./src/hotspot/share/interpreter/linkResolver.cpp, line 773]

Events (20 events):
Event: 49.280 loading class com/android/build/gradle/internal/packaging/JarCreatorType
Event: 49.280 loading class com/android/build/gradle/internal/packaging/JarCreatorType done
Event: 49.393 loading class com/android/build/gradle/internal/tasks/featuresplit/FeatureSetMetadata
Event: 49.393 loading class com/android/build/gradle/internal/tasks/featuresplit/FeatureSetMetadata done
Event: 49.462 loading class com/android/build/gradle/internal/tasks/SigningConfigWriterTask$CreationAction$configure$1
Event: 49.462 loading class com/android/build/gradle/internal/tasks/SigningConfigWriterTask$CreationAction$configure$1 done
Event: 49.462 loading class com/android/build/gradle/internal/tasks/SigningConfigWriterTask$CreationAction$configure$2
Event: 49.462 loading class com/android/build/gradle/internal/tasks/SigningConfigWriterTask$CreationAction$configure$2 done
Event: 49.501 loading class org/gradle/workers/internal/ClassLoaderStructure
Event: 49.501 loading class org/gradle/workers/internal/ClassLoaderStructure done
Event: 49.502 loading class org/gradle/internal/work/DefaultConditionalExecutionQueueFactory
Event: 49.502 loading class org/gradle/internal/work/DefaultConditionalExecutionQueueFactory done
Event: 49.504 loading class org/gradle/workers/internal/NoIsolationWorkerFactory
Event: 49.504 loading class org/gradle/workers/internal/NoIsolationWorkerFactory done
Event: 49.507 loading class org/gradle/workers/internal/Worker
Event: 49.507 loading class org/gradle/workers/internal/Worker done
Event: 49.508 loading class org/gradle/workers/WorkAction
Event: 49.508 loading class org/gradle/workers/WorkAction done
Event: 49.509 loading class org/gradle/workers/WorkParameters
Event: 49.509 loading class org/gradle/workers/WorkParameters done


Dynamic libraries:
0x00007ff62bf90000 - 0x00007ff62bf9a000 	E:\Kotlin\AndroidStudio\jre\bin\java.exe
0x00007ffd3ab50000 - 0x00007ffd3ad47000 	C:\Windows\SYSTEM32\ntdll.dll
0x00007ffd39e40000 - 0x00007ffd39efd000 	C:\Windows\System32\KERNEL32.DLL
0x00007ffd383f0000 - 0x00007ffd386bd000 	C:\Windows\System32\KERNELBASE.dll
0x00007ffd387f0000 - 0x00007ffd388f0000 	C:\Windows\System32\ucrtbase.dll
0x00007ffd18f20000 - 0x00007ffd18f39000 	E:\Kotlin\AndroidStudio\jre\bin\jli.dll
0x00007ffd18870000 - 0x00007ffd18887000 	E:\Kotlin\AndroidStudio\jre\bin\VCRUNTIME140.dll
0x00007ffd3a530000 - 0x00007ffd3a6d0000 	C:\Windows\System32\USER32.dll
0x00007ffd389d0000 - 0x00007ffd389f2000 	C:\Windows\System32\win32u.dll
0x00007ffd3a6d0000 - 0x00007ffd3a6fa000 	C:\Windows\System32\GDI32.dll
0x00007ffd382e0000 - 0x00007ffd383eb000 	C:\Windows\System32\gdi32full.dll
0x00007ffd386c0000 - 0x00007ffd3875d000 	C:\Windows\System32\msvcp_win.dll
0x00007ffd37730000 - 0x00007ffd379ca000 	C:\Windows\WinSxS\amd64_microsoft.windows.common-controls_6595b64144ccf1df_6.0.19041.1110_none_60b5254171f9507e\COMCTL32.dll
0x00007ffd38bb0000 - 0x00007ffd38c4e000 	C:\Windows\System32\msvcrt.dll
0x00007ffd3a4e0000 - 0x00007ffd3a510000 	C:\Windows\System32\IMM32.DLL
0x00007ffcf17e0000 - 0x00007ffcf187d000 	E:\Kotlin\AndroidStudio\jre\bin\msvcp140.dll
0x00007ffcef7a0000 - 0x00007ffcf0285000 	E:\Kotlin\AndroidStudio\jre\bin\server\jvm.dll
0x00007ffd3a700000 - 0x00007ffd3a7ae000 	C:\Windows\System32\ADVAPI32.dll
0x00007ffd3a440000 - 0x00007ffd3a4dc000 	C:\Windows\System32\sechost.dll
0x00007ffd38e00000 - 0x00007ffd38f25000 	C:\Windows\System32\RPCRT4.dll
0x00007ffd38de0000 - 0x00007ffd38de8000 	C:\Windows\System32\PSAPI.DLL
0x00007ffd33040000 - 0x00007ffd33049000 	C:\Windows\SYSTEM32\WSOCK32.dll
0x00007ffd39b10000 - 0x00007ffd39b7b000 	C:\Windows\System32\WS2_32.dll
0x00007ffd226f0000 - 0x00007ffd22717000 	C:\Windows\SYSTEM32\WINMM.dll
0x00007ffd28120000 - 0x00007ffd2812a000 	C:\Windows\SYSTEM32\VERSION.dll
0x00007ffd35b20000 - 0x00007ffd35b32000 	C:\Windows\SYSTEM32\kernel.appcore.dll
0x00007ffd24090000 - 0x00007ffd240a1000 	E:\Kotlin\AndroidStudio\jre\bin\verify.dll
0x00007ffd37ba0000 - 0x00007ffd37d84000 	C:\Windows\SYSTEM32\DBGHELP.DLL
0x00007ffd37b70000 - 0x00007ffd37b9c000 	C:\Windows\SYSTEM32\dbgcore.DLL
0x00007ffd38760000 - 0x00007ffd387e2000 	C:\Windows\System32\bcryptPrimitives.dll
0x00007ffd23cf0000 - 0x00007ffd23d19000 	E:\Kotlin\AndroidStudio\jre\bin\java.dll
0x00007ffd33ae0000 - 0x00007ffd33aeb000 	E:\Kotlin\AndroidStudio\jre\bin\jimage.dll
0x00007ffd23cd0000 - 0x00007ffd23ce8000 	E:\Kotlin\AndroidStudio\jre\bin\zip.dll
0x00007ffd391e0000 - 0x00007ffd39924000 	C:\Windows\System32\SHELL32.dll
0x00007ffd35d20000 - 0x00007ffd364b4000 	C:\Windows\SYSTEM32\windows.storage.dll
0x00007ffd3a7b0000 - 0x00007ffd3ab04000 	C:\Windows\System32\combase.dll
0x00007ffd37450000 - 0x00007ffd3747c000 	C:\Windows\SYSTEM32\Wldp.dll
0x00007ffd38cb0000 - 0x00007ffd38d5d000 	C:\Windows\System32\SHCORE.dll
0x00007ffd38c50000 - 0x00007ffd38ca5000 	C:\Windows\System32\shlwapi.dll
0x00007ffd381b0000 - 0x00007ffd381cf000 	C:\Windows\SYSTEM32\profapi.dll
0x00007ffd23930000 - 0x00007ffd2394a000 	E:\Kotlin\AndroidStudio\jre\bin\net.dll
0x00007ffd2fb70000 - 0x00007ffd2fc7a000 	C:\Windows\SYSTEM32\WINHTTP.dll
0x00007ffd372c0000 - 0x00007ffd3732a000 	C:\Windows\system32\mswsock.dll
0x00007ffd238a0000 - 0x00007ffd238b4000 	E:\Kotlin\AndroidStudio\jre\bin\nio.dll
0x00007ffcfeb10000 - 0x00007ffcfeb37000 	C:\Users\brjej\.gradle\native\e1d6ef7f7dcc3fd88c89a11ec53ec762bb8ba0a96d01ffa2cd45eb1d1d8dd5c5\windows-amd64\native-platform.dll
0x00007ffcf0410000 - 0x00007ffcf0554000 	C:\Users\brjej\.gradle\native\5664cfc778a61ccfe75a443a1ab52a65af34e5dc3c78e0209fed803814484fcb\windows-amd64\native-platform-file-events.dll
0x00007ffd32b40000 - 0x00007ffd32b4a000 	E:\Kotlin\AndroidStudio\jre\bin\management.dll
0x00007ffd32300000 - 0x00007ffd3230d000 	E:\Kotlin\AndroidStudio\jre\bin\management_ext.dll
0x00007ffd37f30000 - 0x00007ffd37f48000 	C:\Windows\SYSTEM32\CRYPTSP.dll
0x00007ffd36c80000 - 0x00007ffd36cb4000 	C:\Windows\system32\rsaenh.dll
0x00007ffd389a0000 - 0x00007ffd389c7000 	C:\Windows\System32\bcrypt.dll
0x00007ffd38130000 - 0x00007ffd3815e000 	C:\Windows\SYSTEM32\USERENV.dll
0x00007ffd37570000 - 0x00007ffd3757c000 	C:\Windows\SYSTEM32\CRYPTBASE.dll
0x00007ffd36fd0000 - 0x00007ffd3700b000 	C:\Windows\SYSTEM32\IPHLPAPI.DLL
0x00007ffd38df0000 - 0x00007ffd38df8000 	C:\Windows\System32\NSI.dll
0x00007ffd2e690000 - 0x00007ffd2e6a7000 	C:\Windows\SYSTEM32\dhcpcsvc6.DLL
0x00007ffd2e630000 - 0x00007ffd2e64d000 	C:\Windows\SYSTEM32\dhcpcsvc.DLL
0x00007ffd37010000 - 0x00007ffd370db000 	C:\Windows\SYSTEM32\DNSAPI.dll

dbghelp: loaded successfully - version: 4.0.5 - missing functions: none
symbol engine: initialized successfully - sym options: 0x614 - pdb path: .;E:\Kotlin\AndroidStudio\jre\bin;C:\Windows\SYSTEM32;C:\Windows\WinSxS\amd64_microsoft.windows.common-controls_6595b64144ccf1df_6.0.19041.1110_none_60b5254171f9507e;E:\Kotlin\AndroidStudio\jre\bin\server;C:\Users\brjej\.gradle\native\e1d6ef7f7dcc3fd88c89a11ec53ec762bb8ba0a96d01ffa2cd45eb1d1d8dd5c5\windows-amd64;C:\Users\brjej\.gradle\native\5664cfc778a61ccfe75a443a1ab52a65af34e5dc3c78e0209fed803814484fcb\windows-amd64

VM Arguments:
jvm_args: --add-opens=java.base/java.util=ALL-UNNAMED --add-opens=java.base/java.lang=ALL-UNNAMED --add-opens=java.base/java.lang.invoke=ALL-UNNAMED --add-opens=java.base/java.util=ALL-UNNAMED --add-opens=java.prefs/java.util.prefs=ALL-UNNAMED --add-opens=java.prefs/java.util.prefs=ALL-UNNAMED --add-opens=java.base/java.nio.charset=ALL-UNNAMED --add-opens=java.base/java.net=ALL-UNNAMED --add-opens=java.base/java.util.concurrent.atomic=ALL-UNNAMED -Xmx2048m -Dfile.encoding=UTF-8 -Duser.country=RU -Duser.language=ru -Duser.variant 
java_command: org.gradle.launcher.daemon.bootstrap.GradleDaemon 7.3.3
java_class_path (initial): C:\Users\brjej\.gradle\wrapper\dists\gradle-7.3.3-bin\6a41zxkdtcxs8rphpq6y0069z\gradle-7.3.3\lib\gradle-launcher-7.3.3.jar
Launcher Type: SUN_STANDARD

[Global flags]
     intx CICompilerCount                          = 3                                         {product} {ergonomic}
     uint ConcGCThreads                            = 1                                         {product} {ergonomic}
     uint G1ConcRefinementThreads                  = 4                                         {product} {ergonomic}
   size_t G1HeapRegionSize                         = 1048576                                   {product} {ergonomic}
    uintx GCDrainStackTargetSize                   = 64                                        {product} {ergonomic}
   size_t InitialHeapSize                          = 100663296                                 {product} {ergonomic}
   size_t MarkStackSize                            = 4194304                                   {product} {ergonomic}
   size_t MaxHeapSize                              = 2147483648                                {product} {command line}
   size_t MaxNewSize                               = 1287651328                                {product} {ergonomic}
   size_t MinHeapDeltaBytes                        = 1048576                                   {product} {ergonomic}
    uintx NonNMethodCodeHeapSize                   = 5830732                                {pd product} {ergonomic}
    uintx NonProfiledCodeHeapSize                  = 122913754                              {pd product} {ergonomic}
    uintx ProfiledCodeHeapSize                     = 122913754                              {pd product} {ergonomic}
    uintx ReservedCodeCacheSize                    = 251658240                              {pd product} {ergonomic}
     bool SegmentedCodeCache                       = true                                      {product} {ergonomic}
     bool UseCompressedClassPointers               = true                                 {lp64_product} {ergonomic}
     bool UseCompressedOops                        = true                                 {lp64_product} {ergonomic}
     bool UseG1GC                                  = true                                      {product} {ergonomic}
     bool UseLargePagesIndividualAllocation        = false                                  {pd product} {ergonomic}

Logging:
Log output configuration:
 #0: stdout all=warning uptime,level,tags
 #1: stderr all=off uptime,level,tags

Environment Variables:
PATH=C:\Program Files\Common Files\Oracle\Java\javapath;C:\ProgramData\Oracle\Java\javapath;C:\Windows\system32;C:\Windows;C:\Windows\System32\Wbem;C:\Windows\System32\WindowsPowerShell\v1.0\;C:\Windows\System32\OpenSSH\;C:\Program Files\Git\cmd;C:\Users\brjej\AppData\Local\Microsoft\WindowsApps;;E:\VSCode\Microsoft VS Code\bin;E:\Java\IDE\IntelliJ IDEA 2022.1.1\bin;
USERNAME=brjej
OS=Windows_NT
PROCESSOR_IDENTIFIER=Intel64 Family 6 Model 58 Stepping 9, GenuineIntel



---------------  S Y S T E M  ---------------

OS: Windows 10 , 64 bit Build 19041 (10.0.19041.1741)
OS uptime: 0 days 10:17 hours

CPU:total 4 (initial active 4) (2 cores per cpu, 2 threads per core) family 6 model 58 stepping 9 microcode 0x21, cmov, cx8, fxsr, mmx, sse, sse2, sse3, ssse3, sse4.1, sse4.2, popcnt, avx, aes, clmul, erms, ht, tsc, tscinvbit, tscinv

Memory: 4k page, system-wide physical 6040M (651M free)
TotalPageFile size 12210M (AvailPageFile size 5M)
current process WorkingSet (physical memory assigned to process): 448M, peak: 451M
current process commit charge ("private bytes"): 484M, peak: 486M

vm_info: OpenJDK 64-Bit Server VM (11.0.12+7-b1504.28-7817840) for windows-amd64 JRE (11.0.12+7-b1504.28-7817840), built on Oct 13 2021 22:12:33 by "builder" with MS VC++ 14.0 (VS2015)

END.
